  stdafx.cpp
  Tile.cpp
  ThreadPool.cpp
  SDL_Starter_app.cpp
  Renderer.cpp
  LTimer.cpp
  InputManager.cpp
  Game.cpp
c:\users\liam\desktop\gamesengineering\thomaswasalone\game.cpp(159): warning C4244: 'argument': conversion from 'float' to 'int', possible loss of data
c:\users\liam\desktop\gamesengineering\thomaswasalone\game.cpp(205): warning C4244: 'argument': conversion from 'time_t' to 'unsigned int', possible loss of data
c:\users\liam\desktop\gamesengineering\thomaswasalone\game.cpp(398): warning C4244: 'initializing': conversion from 'float' to 'int', possible loss of data
c:\users\liam\desktop\gamesengineering\thomaswasalone\game.cpp(400): warning C4244: 'initializing': conversion from 'float' to 'int', possible loss of data
  Player.cpp
  NPC.cpp
  Astar.cpp
c:\users\liam\desktop\gamesengineering\thomaswasalone\astar.cpp(17): warning C4244: 'initializing': conversion from 'int' to 'float', possible loss of data
c:\users\liam\desktop\gamesengineering\thomaswasalone\astar.cpp(18): warning C4244: 'initializing': conversion from 'int' to 'float', possible loss of data
c:\users\liam\desktop\gamesengineering\thomaswasalone\astar.cpp(23): warning C4244: 'initializing': conversion from 'int' to 'float', possible loss of data
c:\users\liam\desktop\gamesengineering\thomaswasalone\astar.cpp(24): warning C4244: 'initializing': conversion from 'int' to 'float', possible loss of data
c:\users\liam\desktop\gamesengineering\thomaswasalone\astar.cpp(26): warning C4244: 'argument': conversion from 'float' to 'int', possible loss of data
  Generating Code...
  ThomasWasAlone.vcxproj -> C:\Users\Liam\Desktop\GamesEngineering\x64\Debug\SDL_Starter_app.exe
  ThomasWasAlone.vcxproj -> C:\Users\Liam\Desktop\GamesEngineering\x64\Debug\SDL_Starter_app.pdb (Full PDB)
          1 file(s) copied.
